<?xml version="1.0" encoding="UTF-8"?>
<!-- Generated by org.testng.reporters.JUnitReportReporter -->
<testsuite skipped="0" hostname="Kanya-Lenovo" name="com.acti.testcase.TC_02CreateCustomer" tests="1" failures="0" timestamp="10 Nov 2020 03:31:36 GMT" time="15.852" errors="0">
  <testcase name="testcreateCustomer" time="15.852" classname="com.acti.testcase.TC_02CreateCustomer"/>
</testsuite> <!-- com.acti.testcase.TC_02CreateCustomer -->
