<?xml version="1.0" encoding="UTF-8"?>
<!-- Generated by org.testng.reporters.JUnitReportReporter -->
<testsuite skipped="0" hostname="Kanya-Lenovo" name="com.acti.testcase.TC01_LoginPageTest" tests="1" failures="0" timestamp="10 Nov 2020 03:04:06 GMT" time="11.796" errors="0">
  <testcase name="testLoginFunction" time="11.796" classname="com.acti.testcase.TC01_LoginPageTest"/>
</testsuite> <!-- com.acti.testcase.TC01_LoginPageTest -->
