<?xml version="1.0" encoding="UTF-8"?>
<!-- Generated by org.testng.reporters.JUnitReportReporter -->
<testsuite skipped="0" hostname="Kanya-Lenovo" name="com.acti.testcase.TC01_LoginPageTest" tests="1" failures="0" timestamp="17 Nov 2020 18:46:35 GMT" time="14.753" errors="0">
  <testcase name="testLoginFunction" time="14.753" classname="com.acti.testcase.TC01_LoginPageTest"/>
</testsuite> <!-- com.acti.testcase.TC01_LoginPageTest -->
