<?xml version="1.0" encoding="UTF-8"?>
<!-- Generated by org.testng.reporters.JUnitReportReporter -->
<testsuite skipped="0" hostname="Kanya-Lenovo" name="com.acti.testcase.TC03_DeleteCustomer" tests="1" failures="0" timestamp="12 Nov 2020 23:14:46 GMT" time="32.945" errors="0">
  <testcase name="testcreateCustomer" time="32.945" classname="com.acti.testcase.TC03_DeleteCustomer"/>
</testsuite> <!-- com.acti.testcase.TC03_DeleteCustomer -->
