<?xml version="1.0" encoding="UTF-8"?>
<!-- Generated by org.testng.reporters.JUnitReportReporter -->
<testsuite skipped="0" hostname="Kanya-Lenovo" name="com.acti.base.DriverScript" tests="1" failures="0" timestamp="09 Nov 2020 10:21:55 GMT" time="11.071" errors="0">
  <testcase name="initBrowser" time="11.071" classname="com.acti.base.DriverScript"/>
</testsuite> <!-- com.acti.base.DriverScript -->
